0 info it worked if it ends with ok
1 verbose cli [ 'C:\\Program Files\\nodejs\\node.exe',
1 verbose cli   'C:\\Users\\hardeep singh\\AppData\\Roaming\\npm\\node_modules\\npm\\bin\\npm-cli.js',
1 verbose cli   'publish' ]
2 info using npm@4.0.3
3 info using node@v7.8.0
4 verbose publish [ '.' ]
5 silly cache add args [ '.', null ]
6 verbose cache add spec .
7 silly cache add parsed spec Result {
7 silly cache add   raw: '.',
7 silly cache add   scope: null,
7 silly cache add   escapedName: null,
7 silly cache add   name: null,
7 silly cache add   rawSpec: '.',
7 silly cache add   spec: 'E:\\MindfulSAS\\myGit\\toast',
7 silly cache add   type: 'directory' }
8 verbose addLocalDirectory C:\Users\hardeep singh\AppData\Roaming\npm-cache\cook-toast\0.0.1\package.tgz not in flight; packing
9 verbose correctMkdir C:\Users\hardeep singh\AppData\Roaming\npm-cache correctMkdir not in flight; initializing
10 info lifecycle cook-toast@0.0.1~prepublish: cook-toast@0.0.1
11 silly lifecycle cook-toast@0.0.1~prepublish: no script for prepublish, continuing
12 info lifecycle cook-toast@0.0.1~prepare: cook-toast@0.0.1
13 silly lifecycle cook-toast@0.0.1~prepare: no script for prepare, continuing
14 verbose tar pack [ 'C:\\Users\\hardeep singh\\AppData\\Roaming\\npm-cache\\cook-toast\\0.0.1\\package.tgz',
14 verbose tar pack   'E:\\MindfulSAS\\myGit\\toast' ]
15 verbose tarball C:\Users\hardeep singh\AppData\Roaming\npm-cache\cook-toast\0.0.1\package.tgz
16 verbose folder E:\MindfulSAS\myGit\toast
17 verbose addLocalTarball adding from inside cache C:\Users\hardeep singh\AppData\Roaming\npm-cache\cook-toast\0.0.1\package.tgz
18 verbose correctMkdir C:\Users\hardeep singh\AppData\Roaming\npm-cache correctMkdir not in flight; initializing
19 silly cache afterAdd cook-toast@0.0.1
20 verbose afterAdd C:\Users\hardeep singh\AppData\Roaming\npm-cache\cook-toast\0.0.1\package\package.json not in flight; writing
21 verbose correctMkdir C:\Users\hardeep singh\AppData\Roaming\npm-cache correctMkdir not in flight; initializing
22 verbose afterAdd C:\Users\hardeep singh\AppData\Roaming\npm-cache\cook-toast\0.0.1\package\package.json written
23 silly publish { name: 'cook-toast',
23 silly publish   version: '0.0.1',
23 silly publish   description: 'An Indication for User that what to do NEXT with SLIDE Animation on UI Like Angular.To give warning to user like Please Not try this Again.If I want to show the Success response on the UI.If I want to show the Failure response on UI.',
23 silly publish   main: 'index.js',
23 silly publish   scripts:
23 silly publish    { transpile: 'ngc',
23 silly publish      package: 'rollup -c',
23 silly publish      minify: 'uglifyjs dist/bundles/toast.umd.js --screw-ie8 --compress --mangle --comments --output dist/bundles/toast.umd.min.js',
23 silly publish      build: 'npm run transpile && npm run package && npm run minify' },
23 silly publish   repository:
23 silly publish    { type: 'git',
23 silly publish      url: 'git+https://github.com/hardy12994/toast.git' },
23 silly publish   keywords:
23 silly publish    [ 'toast',
23 silly publish      'toaster',
23 silly publish      'cook-toast',
23 silly publish      'web-toaster',
23 silly publish      'web-toast',
23 silly publish      'ui-toast' ],
23 silly publish   author: { name: 'hardeep singh' },
23 silly publish   license: 'ISC',
23 silly publish   bugs: { url: 'https://github.com/hardy12994/toast/issues' },
23 silly publish   homepage: 'https://github.com/hardy12994/toast#readme',
23 silly publish   dependencies: {},
23 silly publish   devDependencies:
23 silly publish    { 'node-sass': '^4.5.3',
23 silly publish      rollup: '^0.50.0',
23 silly publish      'rollup-plugin-angular': '^0.5.3',
23 silly publish      'rollup-plugin-commonjs': '^8.2.6',
23 silly publish      'rollup-plugin-node-resolve': '^3.0.0',
23 silly publish      'rollup-plugin-typescript': '^0.8.1',
23 silly publish      'rollup-plugin-typescript2': '^0.8.0',
23 silly publish      typescript: '~2.3.3',
23 silly publish      'uglify-js': '^3.1.8' },
23 silly publish   readme: '### Cook your Toast with Cook-Toast\r\n\r\n![WARN](http://res.cloudinary.com/dkws91cqo/image/upload/v1510679477/warn_nnsjyl.png)    ![FAIL](http://res.cloudinary.com/dkws91cqo/image/upload/v1510679476/fail_rksmcp.png)\r\n\r\n![INFO](http://res.cloudinary.com/dkws91cqo/image/upload/v1510679477/Info_vryarw.png)    ![SUCCESS](http://res.cloudinary.com/dkws91cqo/image/upload/v1510679477/success_upvnia.png)\r\n\r\n#### Installation -\r\n\r\n```\r\nnpm install cook-toast --save\r\n```\r\n\r\n### Where its need ?\r\n\r\n- To give the indication to the user what the next step is.\r\n- To give warning to user like Please Not try this Again. \r\n- If I want to show the Success response on the UI.\r\n- If I want to show the Failure response on UI.\r\n\r\n### How to use ?\r\n\r\n Import the *`CookToastModule`* in your main NgModule of your application\r\n \r\n and insert this module in your imports array of NgModule.\r\n\r\n\r\n ```\r\n   //main module\r\n   \r\n   import { CookToastModule } from \'cook-toast\';\r\n   @NgModule({\r\n       imports :[\r\n           CookToastModule\r\n       ]\r\n   })\r\n\r\n ``` \r\n\r\nNow Import the *`KitchenService`* in your Component to make use of it in HTML\'s\r\n\r\nDon\'t forget to Inject it in your component Constructor.  \r\n\r\nSo yeah !!! you are the point to use your TOAST. Their are Four Type \r\n\r\nof TOAST you can use to make the user indications what to do NEXT.\r\n\r\n\r\n```sh\r\n import { KitchenService } from \'cook-toast\';\r\n \r\n class MyToastComponent {\r\n     constructor(private kitchenService: KitchenService){\r\n             this.kitchenService.cook(\'Hey I am your Toast\', \'s\');  \r\n             this.kitchenService.cook(\'Hey I am your Toast\', \'f\');  \r\n             this.kitchenService.cook(\'Hey I am your Toast\', \'w\');  \r\n             this.kitchenService.cook(\'Hey I am your Toast\', \'i\');  \r\n     }\r\n }\r\n\r\n```\r\n\r\nWhich for which ?\r\n\r\n- s is for **SUCCESS**. ![SUCCESS](http://res.cloudinary.com/dkws91cqo/image/upload/v1510679477/success_upvnia.png)\r\n\r\n- f is for **FAILURE**. ![FAIL](http://res.cloudinary.com/dkws91cqo/image/upload/v1510679476/fail_rksmcp.png)\r\n\r\n- w is for **WARNING**. ![WARN](http://res.cloudinary.com/dkws91cqo/image/upload/v1510679477/warn_nnsjyl.png)\r\n\r\n- i is for **INFORMATION**. ![INFO](http://res.cloudinary.com/dkws91cqo/image/upload/v1510679477/Info_vryarw.png)\r\n\r\n\r\nNow How it should be set in HTML ?\r\n\r\n```sh\r\n    <div id="toast">\r\n        <span *cook-toast="5; left:true; top:true;"></span>\r\n    </div>\r\n\r\n```\r\n\r\nSo here - \r\n- `cook-toast` is the your Directive Name.\r\n- Ist Param `5` is Stay Time on Screen. It is in Seconds.\r\n- IInd and IIIrd Param are for Position of your toast. So, just set `true` for two positions.\r\n- These are the possible postions ->\r\n  \r\n  - `top:true;left:true` \r\n\r\n  - `top:true;right:true`\r\n\r\n  - `bottom:true;left:true`\r\n   \r\n  - `bottom:true;right:true` \r\n\r\n\r\n### RUN-TIME Positions -\r\n\r\nIf you want to provide **RUN-TIME Positions** for your Cook-Toast\r\n\r\nthen just insert the object of postions like this -\r\n\r\n```sh\r\n    \r\n    this.kitchenService.cook(\'Hey I am your Toast\', \'i\', {\r\n        right: true,\r\n        bottom: true\r\n    });\r\n\r\n```\r\n\r\n\r\n**NOTE** - \r\n  If you Don\'t Set the Position of your TOAST it will comming to\r\n  By default **LEFT-TOP**.\r\n\r\n\r\n\r\n### Want to make Slide Animation in Toast? -\r\n\r\nIf you want to slide your Toast to the to the Vertical Sides,\r\n\r\njust make the fourth Parameter `true` while you cook your toast \r\n\r\nin RUNTIME and you can also use in your HTML Parameters.\r\n\r\n- For Runtime **Slide Animation** -\r\n\r\n```sh\r\n    \r\n    this.kitchenService.cook(\'Hey I am your Toast\', \'i\', {\r\n        right: true,\r\n        bottom: true\r\n    }, true);\r\n\r\n```\r\n\r\n- For HTML **Slide Animation**\r\n\r\n```sh\r\n    <span *cook-toast="5; left:true; top:true; slide:true;" id="toast"></span>\r\n\r\n```\r\n\r\n\r\n\r\n\r\n\r\n##### Contributions are Most Welcome.\r\n\r\n##### Hope you Like it !',
23 silly publish   readmeFilename: 'README.md',
23 silly publish   gitHead: '0f2a9ec5d3ca0be10faee0439657e092b1c0bff3',
23 silly publish   _id: 'cook-toast@0.0.1',
23 silly publish   _shasum: 'f7eb3e50c133699d8c437a3ff2f5bcba9459e2da',
23 silly publish   _from: '.' }
24 info lifecycle cook-toast@0.0.1~prepublishOnly: cook-toast@0.0.1
25 silly lifecycle cook-toast@0.0.1~prepublishOnly: no script for prepublishOnly, continuing
26 verbose getPublishConfig undefined
27 silly mapToRegistry name cook-toast
28 silly mapToRegistry using default registry
29 silly mapToRegistry registry https://registry.npmjs.org/
30 silly mapToRegistry data Result {
30 silly mapToRegistry   raw: 'cook-toast',
30 silly mapToRegistry   scope: null,
30 silly mapToRegistry   escapedName: 'cook-toast',
30 silly mapToRegistry   name: 'cook-toast',
30 silly mapToRegistry   rawSpec: '',
30 silly mapToRegistry   spec: 'latest',
30 silly mapToRegistry   type: 'tag' }
31 silly mapToRegistry uri https://registry.npmjs.org/cook-toast
32 verbose publish registryBase https://registry.npmjs.org/
33 silly publish uploading C:\Users\hardeep singh\AppData\Roaming\npm-cache\cook-toast\0.0.1\package.tgz
34 verbose request uri https://registry.npmjs.org/cook-toast
35 verbose request sending authorization for write operation
36 info attempt registry request try #1 at 7:18:04 PM
37 verbose request using bearer token for auth
38 verbose request id 009af33f2f1646aa
39 http request PUT https://registry.npmjs.org/cook-toast
40 http 403 https://registry.npmjs.org/cook-toast
41 verbose headers { 'content-type': 'application/json',
41 verbose headers   'cache-control': 'max-age=300',
41 verbose headers   'content-length': '91',
41 verbose headers   'accept-ranges': 'bytes',
41 verbose headers   date: 'Tue, 02 Jan 2018 13:47:53 GMT',
41 verbose headers   via: '1.1 varnish',
41 verbose headers   connection: 'keep-alive',
41 verbose headers   'x-served-by': 'cache-cdg8731-CDG',
41 verbose headers   'x-cache': 'MISS',
41 verbose headers   'x-cache-hits': '0',
41 verbose headers   'x-timer': 'S1514900872.828163,VS0,VE1317',
41 verbose headers   vary: 'Accept-Encoding, Accept' }
42 verbose request invalidating C:\Users\hardeep singh\AppData\Roaming\npm-cache\registry.npmjs.org\cook-toast on PUT
43 error publish Failed PUT 403
44 verbose stack Error: You cannot publish over the previously published version 0.0.1. : cook-toast
44 verbose stack     at makeError (C:\Users\hardeep singh\AppData\Roaming\npm\node_modules\npm\node_modules\npm-registry-client\lib\request.js:302:12)
44 verbose stack     at CachingRegistryClient.<anonymous> (C:\Users\hardeep singh\AppData\Roaming\npm\node_modules\npm\node_modules\npm-registry-client\lib\request.js:290:14)
44 verbose stack     at Request._callback (C:\Users\hardeep singh\AppData\Roaming\npm\node_modules\npm\node_modules\npm-registry-client\lib\request.js:210:14)
44 verbose stack     at Request.self.callback (C:\Users\hardeep singh\AppData\Roaming\npm\node_modules\npm\node_modules\request\request.js:186:22)
44 verbose stack     at emitTwo (events.js:106:13)
44 verbose stack     at Request.emit (events.js:194:7)
44 verbose stack     at Request.<anonymous> (C:\Users\hardeep singh\AppData\Roaming\npm\node_modules\npm\node_modules\request\request.js:1081:10)
44 verbose stack     at emitOne (events.js:96:13)
44 verbose stack     at Request.emit (events.js:191:7)
44 verbose stack     at IncomingMessage.<anonymous> (C:\Users\hardeep singh\AppData\Roaming\npm\node_modules\npm\node_modules\request\request.js:1001:12)
45 verbose statusCode 403
46 verbose pkgid cook-toast
47 verbose cwd E:\MindfulSAS\myGit\toast
48 error Windows_NT 10.0.16299
49 error argv "C:\\Program Files\\nodejs\\node.exe" "C:\\Users\\hardeep singh\\AppData\\Roaming\\npm\\node_modules\\npm\\bin\\npm-cli.js" "publish"
50 error node v7.8.0
51 error npm  v4.0.3
52 error code E403
53 error You cannot publish over the previously published version 0.0.1. : cook-toast
54 error If you need help, you may report this error at:
54 error     <https://github.com/npm/npm/issues>
55 verbose exit [ 1, true ]
